#
# There is insufficient memory for the Java Runtime Environment to continue.
# Native memory allocation (mmap) failed to map 65011712 bytes. Error detail: G1 virtual space
# Possible reasons:
#   The system is out of physical RAM or swap space
#   This process is running with CompressedOops enabled, and the Java Heap may be blocking the growth of the native heap
# Possible solutions:
#   Reduce memory load on the system
#   Increase physical memory or swap space
#   Check if swap backing store is full
#   Decrease Java heap size (-Xmx/-Xms)
#   Decrease number of Java threads
#   Decrease Java thread stack sizes (-Xss)
#   Set larger code cache with -XX:ReservedCodeCacheSize=
#   JVM is running with Unscaled Compressed Oops mode in which the Java heap is
#     placed in the first 4GB address space. The Java Heap base address is the
#     maximum limit for the native heap growth. Please use -XX:HeapBaseMinAddress
#     to set the Java Heap base and to place the Java Heap above 4GB virtual address.
# This output file may be truncated or incomplete.
#
#  Out of Memory Error (os_windows.cpp:3828), pid=2488, tid=2536
#
# JRE version:  (21.0.5+8) (build )
# Java VM: OpenJDK 64-Bit Server VM (21.0.5+8-b631.28, mixed mode, sharing, tiered, compressed oops, compressed class ptrs, g1 gc, windows-amd64)
# No core dump will be written. Minidumps are not enabled by default on client versions of Windows
#

---------------  S U M M A R Y ------------

Command Line: git4idea.http.GitAskPassApp Username for 'https://github.com': 

Host: Intel(R) Celeron(R) N4020 CPU @ 1.10GHz, 2 cores, 3G,  Windows 10 , 64 bit Build 19041 (10.0.19041.4957)
Time: Fri Jan 10 21:08:13 2025  Windows 10 , 64 bit Build 19041 (10.0.19041.4957) elapsed time: 0.036404 seconds (0d 0h 0m 0s)

---------------  T H R E A D  ---------------

Current thread (0x000002b4edd02a80):  JavaThread "Unknown thread" [_thread_in_vm, id=2536, stack(0x000000f0eb000000,0x000000f0eb100000) (1024K)]

Stack: [0x000000f0eb000000,0x000000f0eb100000]
Native frames: (J=compiled Java code, j=interpreted, Vv=VM code, C=native code)
V  [jvm.dll+0x6e52b9]
V  [jvm.dll+0x8c3633]
V  [jvm.dll+0x8c5b8e]
V  [jvm.dll+0x8c6273]
V  [jvm.dll+0x288f46]
V  [jvm.dll+0x6e1a35]
V  [jvm.dll+0x6d5e3a]
V  [jvm.dll+0x3634bb]
V  [jvm.dll+0x36b086]
V  [jvm.dll+0x3bd346]
V  [jvm.dll+0x3bd618]
V  [jvm.dll+0x335c2c]
V  [jvm.dll+0x33691b]
V  [jvm.dll+0x88aa89]
V  [jvm.dll+0x3ca518]
V  [jvm.dll+0x873b98]
V  [jvm.dll+0x45eede]
V  [jvm.dll+0x460bc1]
C  [jli.dll+0x52ab]
C  [ucrtbase.dll+0x21bb2]
C  [KERNEL32.DLL+0x17374]
C  [ntdll.dll+0x4cc91]


---------------  P R O C E S S  ---------------

Threads class SMR info:
_java_thread_list=0x00007ff9e124a148, length=0, elements={
}

Java Threads: ( => current thread )
Total: 0

Other Threads:
  0x000002b4eff83830 WorkerThread "GC Thread#0"                     [id=12144, stack(0x000000f0eb100000,0x000000f0eb200000) (1024K)]
  0x000002b4eff8d1b0 ConcurrentGCThread "G1 Main Marker"            [id=11472, stack(0x000000f0eb200000,0x000000f0eb300000) (1024K)]
  0x000002b4eff8dd70 WorkerThread "G1 Conc#0"                       [id=12188, stack(0x000000f0eb300000,0x000000f0eb400000) (1024K)]

[error occurred during error reporting (printing all threads), id 0xc0000005, EXCEPTION_ACCESS_VIOLATION (0xc0000005) at pc=0x00007ff9e0938ce7]
VM state: not at safepoint (not fully initialized)

VM Mutex/Monitor currently owned by a thread:  ([mutex/lock_event])
[0x00007ff9e12beb30] Heap_lock - owner thread: 0x000002b4edd02a80

Heap address: 0x00000000c2c00000, size: 980 MB, Compressed Oops mode: 32-bit

CDS archive(s) mapped at: [0x0000000000000000-0x0000000000000000-0x0000000000000000), size 0, SharedBaseAddress: 0x0000000800000000, ArchiveRelocationMode: 1.
Narrow klass base: 0x0000000000000000, Narrow klass shift: 0, Narrow klass range: 0x0

GC Precious Log:
 CardTable entry size: 512
 Card Set container configuration: InlinePtr #cards 5 size 8 Array Of Cards #cards 12 size 40 Howl #buckets 4 coarsen threshold 1843 Howl Bitmap #cards 512 size 80 coarsen threshold 460 Card regions per heap region 1 cards per card region 2048

Heap:
 garbage-first heap   total 0K, used 0K [0x00000000c2c00000, 0x0000000100000000)
  region size 1024K, 0 young (0K), 0 survivors (0K)
 Metaspace       used 0K, committed 0K, reserved 0K
  class space    used 0K, committed 0K, reserved 0K

Heap Regions: E=young(eden), S=young(survivor), O=old, HS=humongous(starts), HC=humongous(continues), CS=collection set, F=free, TAMS=top-at-mark-start, PB=parsable bottom

Card table byte_map: [0x000002b4efd10000,0x000002b4eff00000] _byte_map_base: 0x000002b4ef6fa000

Marking Bits: (CMBitMap*) 0x000002b4eff84e50
 Bits: [0x000002b4f3ef0000, 0x000002b4f4e40000)

GC Heap History (0 events):
No events

Dll operation events (1 events):
Event: 0.020 Loaded shared library C:\Program Files\JetBrains\IntelliJ IDEA 2024.3.1.1\jbr\bin\java.dll

Deoptimization events (0 events):
No events

Classes loaded (0 events):
No events

Classes unloaded (0 events):
No events

Classes redefined (0 events):
No events

Internal exceptions (0 events):
No events

ZGC Phase Switch (0 events):
No events

VM Operations (0 events):
No events

Memory protections (0 events):
No events

Nmethod flushes (0 events):
No events

Events (0 events):
No events


Dynamic libraries:
0x00007ff6fa4f0000 - 0x00007ff6fa4fa000 	C:\Program Files\JetBrains\IntelliJ IDEA 2024.3.1.1\jbr\bin\java.exe
0x00007ffa16a90000 - 0x00007ffa16c88000 	C:\WINDOWS\SYSTEM32\ntdll.dll
0x00007ffa165b0000 - 0x00007ffa16672000 	C:\WINDOWS\System32\KERNEL32.DLL
0x00007ffa143b0000 - 0x00007ffa146ae000 	C:\WINDOWS\System32\KERNELBASE.dll
0x00007ffa146e0000 - 0x00007ffa147e0000 	C:\WINDOWS\System32\ucrtbase.dll
0x00007ff9fe5a0000 - 0x00007ff9fe5b8000 	C:\Program Files\JetBrains\IntelliJ IDEA 2024.3.1.1\jbr\bin\jli.dll
0x00007ffa16340000 - 0x00007ffa164dd000 	C:\WINDOWS\System32\USER32.dll
0x00007ffa14990000 - 0x00007ffa149b2000 	C:\WINDOWS\System32\win32u.dll
0x00007ffa166e0000 - 0x00007ffa1670b000 	C:\WINDOWS\System32\GDI32.dll
0x00007ffa14290000 - 0x00007ffa143a7000 	C:\WINDOWS\System32\gdi32full.dll
0x00007ffa149c0000 - 0x00007ffa14a5d000 	C:\WINDOWS\System32\msvcp_win.dll
0x00007ffa111e0000 - 0x00007ffa111fb000 	C:\Program Files\JetBrains\IntelliJ IDEA 2024.3.1.1\jbr\bin\VCRUNTIME140.dll
0x00007ffa01d40000 - 0x00007ffa01fda000 	C:\WINDOWS\WinSxS\amd64_microsoft.windows.common-controls_6595b64144ccf1df_6.0.19041.4355_none_60b8b9eb71f62e16\COMCTL32.dll
0x00007ffa16830000 - 0x00007ffa168ce000 	C:\WINDOWS\System32\msvcrt.dll
0x00007ffa16710000 - 0x00007ffa1673f000 	C:\WINDOWS\System32\IMM32.DLL
0x00007ffa111d0000 - 0x00007ffa111dc000 	C:\Program Files\JetBrains\IntelliJ IDEA 2024.3.1.1\jbr\bin\vcruntime140_1.dll
0x00007ff9eed90000 - 0x00007ff9eee1d000 	C:\Program Files\JetBrains\IntelliJ IDEA 2024.3.1.1\jbr\bin\msvcp140.dll
0x00007ff9e05f0000 - 0x00007ff9e13b1000 	C:\Program Files\JetBrains\IntelliJ IDEA 2024.3.1.1\jbr\bin\server\jvm.dll
0x00007ffa16740000 - 0x00007ffa167f2000 	C:\WINDOWS\System32\ADVAPI32.dll
0x00007ffa15f30000 - 0x00007ffa15fd0000 	C:\WINDOWS\System32\sechost.dll
0x00007ffa16080000 - 0x00007ffa161a3000 	C:\WINDOWS\System32\RPCRT4.dll
0x00007ffa146b0000 - 0x00007ffa146d7000 	C:\WINDOWS\System32\bcrypt.dll
0x00007ffa15de0000 - 0x00007ffa15e4b000 	C:\WINDOWS\System32\WS2_32.dll
0x00007ffa13f90000 - 0x00007ffa13fdb000 	C:\WINDOWS\SYSTEM32\POWRPROF.dll
0x00007ffa001f0000 - 0x00007ffa00217000 	C:\WINDOWS\SYSTEM32\WINMM.dll
0x00007ffa0e540000 - 0x00007ffa0e54a000 	C:\WINDOWS\SYSTEM32\VERSION.dll
0x00007ffa13f70000 - 0x00007ffa13f82000 	C:\WINDOWS\SYSTEM32\UMPDC.dll
0x00007ffa12aa0000 - 0x00007ffa12ab2000 	C:\WINDOWS\SYSTEM32\kernel.appcore.dll
0x00007ffa0fcc0000 - 0x00007ffa0fcca000 	C:\Program Files\JetBrains\IntelliJ IDEA 2024.3.1.1\jbr\bin\jimage.dll
0x00007ffa12660000 - 0x00007ffa12844000 	C:\WINDOWS\SYSTEM32\DBGHELP.DLL
0x00007ff9fe110000 - 0x00007ff9fe144000 	C:\WINDOWS\SYSTEM32\dbgcore.DLL
0x00007ffa147e0000 - 0x00007ffa14862000 	C:\WINDOWS\System32\bcryptPrimitives.dll
0x00007ffa0e800000 - 0x00007ffa0e820000 	C:\Program Files\JetBrains\IntelliJ IDEA 2024.3.1.1\jbr\bin\java.dll

dbghelp: loaded successfully - version: 4.0.5 - missing functions: none
symbol engine: initialized successfully - sym options: 0x614 - pdb path: .;C:\Program Files\JetBrains\IntelliJ IDEA 2024.3.1.1\jbr\bin;C:\WINDOWS\SYSTEM32;C:\WINDOWS\WinSxS\amd64_microsoft.windows.common-controls_6595b64144ccf1df_6.0.19041.4355_none_60b8b9eb71f62e16;C:\Program Files\JetBrains\IntelliJ IDEA 2024.3.1.1\jbr\bin\server

VM Arguments:
java_command: git4idea.http.GitAskPassApp Username for 'https://github.com': 
java_class_path (initial): C:/Program Files/JetBrains/IntelliJ IDEA 2024.3.1.1/plugins/vcs-git/lib/git4idea-rt.jar;C:/Program Files/JetBrains/IntelliJ IDEA 2024.3.1.1/lib/externalProcess-rt.jar
Launcher Type: SUN_STANDARD

[Global flags]
     intx CICompilerCount                          = 2                                         {product} {ergonomic}
     uint ConcGCThreads                            = 1                                         {product} {ergonomic}
     uint G1ConcRefinementThreads                  = 2                                         {product} {ergonomic}
   size_t G1HeapRegionSize                         = 1048576                                   {product} {ergonomic}
    uintx GCDrainStackTargetSize                   = 64                                        {product} {ergonomic}
   size_t InitialHeapSize                          = 65011712                                  {product} {ergonomic}
   size_t MarkStackSize                            = 4194304                                   {product} {ergonomic}
   size_t MaxHeapSize                              = 1027604480                                {product} {ergonomic}
   size_t MinHeapDeltaBytes                        = 1048576                                   {product} {ergonomic}
   size_t MinHeapSize                              = 8388608                                   {product} {ergonomic}
    uintx NonNMethodCodeHeapSize                   = 5826188                                {pd product} {ergonomic}
    uintx NonProfiledCodeHeapSize                  = 122916026                              {pd product} {ergonomic}
    uintx ProfiledCodeHeapSize                     = 122916026                              {pd product} {ergonomic}
    uintx ReservedCodeCacheSize                    = 251658240                              {pd product} {ergonomic}
     bool SegmentedCodeCache                       = true                                      {product} {ergonomic}
   size_t SoftMaxHeapSize                          = 1027604480                             {manageable} {ergonomic}
     bool UseCompressedOops                        = true                           {product lp64_product} {ergonomic}
     bool UseG1GC                                  = true                                      {product} {ergonomic}
     bool UseLargePagesIndividualAllocation        = false                                  {pd product} {ergonomic}

Logging:
Log output configuration:
 #0: stdout all=warning uptime,level,tags foldmultilines=false
 #1: stderr all=off uptime,level,tags foldmultilines=false

Environment Variables:
PATH=C:\Program Files\Git\mingw64\libexec\git-core;C:\Program Files\Git\mingw64\libexec\git-core;C:\Program Files\Git\mingw64\bin;C:\Program Files\Git\usr\bin;C:\Users\lexap\bin;C:\Program Files\Common Files\Oracle\Java\javapath;C:\Program Files\Rockwell Software\RSCommon;C:\WINDOWS\system32;C:\WINDOWS;C:\WINDOWS\System32\Wbem;C:\WINDOWS\System32\WindowsPowerShell\v1.0;C:\WINDOWS\System32\OpenSSH;C:\MinGW\bin;D:\ΣΕΠΤΕΜΒΡΗΣ\κατανεμειμενα\Git\cmd;C:\Program Files\Git\cmd;C:\Program Files\Common Files\Oracle\Java\javapath;C:\Program Files\Rockwell Software\RSCommon;C:\WINDOWS\system32;C:\WINDOWS;C:\WINDOWS\System32\Wbem;C:\WINDOWS\System32\WindowsPowerShell\v1.0;C:\WINDOWS\System32\OpenSSH;C:\MinGW\bin;C:\Program Files (x86)\PuTTY;D:\ΣΕΠΤΕΜΒΡΗΣ\κατανεμειμενα\Git\cmd;C:\Users\lexap\AppData\Local\Microsoft\WindowsApps;D:\ΑΠΟΦΟΙΤΗΣΗ\katanemhmena\IntelliJ IDEA 2024.3.1.1\bin;C:\Program Files\Java\jdk-XX\bin;C:\Program Files\JetBrains\IntelliJ IDEA 2024.3.1.1\bin
USERNAME=lexap
DISPLAY=:0.0
LC_ALL=en_US.UTF-8
TERM=xterm-256color
TMPDIR=C:\Users\lexap\AppData\Local\Temp
OS=Windows_NT
PROCESSOR_IDENTIFIER=Intel64 Family 6 Model 122 Stepping 8, GenuineIntel
TMP=C:\Users\lexap\AppData\Local\Temp
TEMP=C:\Users\lexap\AppData\Local\Temp




Periodic native trim disabled

JNI global refs:
JNI global refs: 0, weak refs: 0

JNI global refs memory usage: 0, weak refs: 0

Process memory usage:
Resident Set Size: 10336K (0% of 4012908K total physical memory with 844180K free physical memory)

OOME stack traces (most recent first):
Classloader memory used:

---------------  S Y S T E M  ---------------

OS:
 Windows 10 , 64 bit Build 19041 (10.0.19041.4957)
OS uptime: 0 days 0:46 hours

CPU: total 2 (initial active 2) (2 cores per cpu, 1 threads per core) family 6 model 122 stepping 8 microcode 0x16, cx8, cmov, fxsr, mmx, 3dnowpref, sse, sse2, sse3, ssse3, sse4.1, sse4.2, popcnt, tsc, tscinvbit, aes, erms, clmul, sha, clflush, clflushopt, rdtscp, rdpid
Processor Information for all 2 processors :
  Max Mhz: 1101, Current Mhz: 1101, Mhz Limit: 1101

Memory: 4k page, system-wide physical 3918M (824M free)
TotalPageFile size 5742M (AvailPageFile size 25M)
current process WorkingSet (physical memory assigned to process): 10M, peak: 10M
current process commit charge ("private bytes"): 47M, peak: 109M

vm_info: OpenJDK 64-Bit Server VM (21.0.5+8-b631.28) for windows-amd64 JRE (21.0.5+8-b631.28), built on 2024-11-23 by "builduser" with MS VC++ 16.10 / 16.11 (VS2019)

END.
