#
# There is insufficient memory for the Java Runtime Environment to continue.
# Native memory allocation (malloc) failed to allocate 632032 bytes. Error detail: Chunk::new
# Possible reasons:
#   The system is out of physical RAM or swap space
#   This process is running with CompressedOops enabled, and the Java Heap may be blocking the growth of the native heap
# Possible solutions:
#   Reduce memory load on the system
#   Increase physical memory or swap space
#   Check if swap backing store is full
#   Decrease Java heap size (-Xmx/-Xms)
#   Decrease number of Java threads
#   Decrease Java thread stack sizes (-Xss)
#   Set larger code cache with -XX:ReservedCodeCacheSize=
#   JVM is running with Unscaled Compressed Oops mode in which the Java heap is
#     placed in the first 4GB address space. The Java Heap base address is the
#     maximum limit for the native heap growth. Please use -XX:HeapBaseMinAddress
#     to set the Java Heap base and to place the Java Heap above 4GB virtual address.
# This output file may be truncated or incomplete.
#
#  Out of Memory Error (arena.cpp:168), pid=11612, tid=352
#
# JRE version: OpenJDK Runtime Environment JBR-21.0.5+8-631.28-jcef (21.0.5+8) (build 21.0.5+8-b631.28)
# Java VM: OpenJDK 64-Bit Server VM JBR-21.0.5+8-631.28-jcef (21.0.5+8-b631.28, mixed mode, sharing, tiered, compressed oops, compressed class ptrs, g1 gc, windows-amd64)
# No core dump will be written. Minidumps are not enabled by default on client versions of Windows
#

---------------  S U M M A R Y ------------

Command Line: -Djava.rmi.server.hostname=127.0.0.1 -Duser.timezone=UTC -Xmx2048m -Xms128m -Djdbc.classpath=C:\Users\lexap\AppData\Local\Temp\RemoteDriver5.classpath.txt --add-exports=java.desktop/sun.awt=ALL-UNNAMED --add-exports=java.desktop/java.awt.peer=ALL-UNNAMED --add-opens=java.desktop/java.awt=ALL-UNNAMED --add-opens=jdk.unsupported/sun.misc=ALL-UNNAMED --add-opens=java.base/java.nio=ALL-UNNAMED --add-opens=java.base/java.util=ALL-UNNAMED -Dfile.encoding=UTF-8 -Dsun.stdout.encoding=UTF-8 -Dsun.stderr.encoding=UTF-8 com.intellij.database.remote.RemoteJdbcServer org.postgresql.Driver

Host: Intel(R) Celeron(R) N4020 CPU @ 1.10GHz, 2 cores, 3G,  Windows 10 , 64 bit Build 19041 (10.0.19041.5198)
Time: Mon Jan 13 20:45:52 2025  Windows 10 , 64 bit Build 19041 (10.0.19041.5198) elapsed time: 133.482604 seconds (0d 0h 2m 13s)

---------------  T H R E A D  ---------------

Current thread (0x00000261fa3d9c40):  JavaThread "C2 CompilerThread0" daemon [_thread_in_native, id=352, stack(0x00000088a1400000,0x00000088a1500000) (1024K)]


Current CompileTask:
C2:133484 3422       4       org.postgresql.jdbc.PgArray::getArray (8 bytes)

Stack: [0x00000088a1400000,0x00000088a1500000]
Native frames: (J=compiled Java code, j=interpreted, Vv=VM code, C=native code)
V  [jvm.dll+0x6e52b9]
V  [jvm.dll+0x8c3633]
V  [jvm.dll+0x8c5b8e]
V  [jvm.dll+0x8c6273]
V  [jvm.dll+0x288f46]
V  [jvm.dll+0xc66dd]
V  [jvm.dll+0xc6c13]
V  [jvm.dll+0x3c456b]
V  [jvm.dll+0x3901c7]
V  [jvm.dll+0x38f63a]
V  [jvm.dll+0x2507a2]
V  [jvm.dll+0x24fd71]
V  [jvm.dll+0x1cd6a4]
V  [jvm.dll+0x25f5dc]
V  [jvm.dll+0x25db26]
V  [jvm.dll+0x3ff5e6]
V  [jvm.dll+0x86b248]
V  [jvm.dll+0x6e3abd]
C  [ucrtbase.dll+0x21bb2]
C  [KERNEL32.DLL+0x17374]
C  [ntdll.dll+0x4cc91]


---------------  P R O C E S S  ---------------

Threads class SMR info:
_java_thread_list=0x00000261d0202b40, length=22, elements={
0x00000261f1ab0770, 0x00000261fa3d2290, 0x00000261fa3d5260, 0x00000261fa3d6fd0,
0x00000261fa3d7a20, 0x00000261fa3d8470, 0x00000261fa3d8ec0, 0x00000261fa3d9c40,
0x00000261fa3ddde0, 0x00000261fa664730, 0x00000261fa673dd0, 0x00000261ff0edf90,
0x00000261ff0c03d0, 0x00000261ff0c0a30, 0x00000261ff0c1090, 0x00000261fa9476e0,
0x00000261ff2df6d0, 0x00000261fa8fc870, 0x00000261fa8fcf00, 0x00000261fa8fd590,
0x00000261fa8fdc20, 0x00000261fa8fe2b0
}

Java Threads: ( => current thread )
  0x00000261f1ab0770 JavaThread "main"                              [_thread_blocked, id=7756, stack(0x00000088a0600000,0x00000088a0700000) (1024K)]
  0x00000261fa3d2290 JavaThread "Reference Handler"          daemon [_thread_blocked, id=5704, stack(0x00000088a0e00000,0x00000088a0f00000) (1024K)]
  0x00000261fa3d5260 JavaThread "Finalizer"                  daemon [_thread_blocked, id=9808, stack(0x00000088a0f00000,0x00000088a1000000) (1024K)]
  0x00000261fa3d6fd0 JavaThread "Signal Dispatcher"          daemon [_thread_blocked, id=5436, stack(0x00000088a1000000,0x00000088a1100000) (1024K)]
  0x00000261fa3d7a20 JavaThread "Attach Listener"            daemon [_thread_blocked, id=11384, stack(0x00000088a1100000,0x00000088a1200000) (1024K)]
  0x00000261fa3d8470 JavaThread "Service Thread"             daemon [_thread_blocked, id=7648, stack(0x00000088a1200000,0x00000088a1300000) (1024K)]
  0x00000261fa3d8ec0 JavaThread "Monitor Deflation Thread"   daemon [_thread_blocked, id=7572, stack(0x00000088a1300000,0x00000088a1400000) (1024K)]
=>0x00000261fa3d9c40 JavaThread "C2 CompilerThread0"         daemon [_thread_in_native, id=352, stack(0x00000088a1400000,0x00000088a1500000) (1024K)]
  0x00000261fa3ddde0 JavaThread "C1 CompilerThread0"         daemon [_thread_blocked, id=11816, stack(0x00000088a1500000,0x00000088a1600000) (1024K)]
  0x00000261fa664730 JavaThread "Common-Cleaner"             daemon [_thread_blocked, id=7248, stack(0x00000088a1600000,0x00000088a1700000) (1024K)]
  0x00000261fa673dd0 JavaThread "Notification Thread"        daemon [_thread_blocked, id=1256, stack(0x00000088a1700000,0x00000088a1800000) (1024K)]
  0x00000261ff0edf90 JavaThread "RMI TCP Accept-47567"       daemon [_thread_in_native, id=12008, stack(0x00000088a1900000,0x00000088a1a00000) (1024K)]
  0x00000261ff0c03d0 JavaThread "RMI TCP Accept-0"           daemon [_thread_in_native, id=5732, stack(0x00000088a1a00000,0x00000088a1b00000) (1024K)]
  0x00000261ff0c0a30 JavaThread "RMI Reaper"                        [_thread_blocked, id=4408, stack(0x00000088a1b00000,0x00000088a1c00000) (1024K)]
  0x00000261ff0c1090 JavaThread "RMI GC Daemon"              daemon [_thread_blocked, id=488, stack(0x00000088a1c00000,0x00000088a1d00000) (1024K)]
  0x00000261fa9476e0 JavaThread "RMI TCP Connection(2)-127.0.0.1" daemon [_thread_in_native, id=8332, stack(0x00000088a1e00000,0x00000088a1f00000) (1024K)]
  0x00000261ff2df6d0 JavaThread "RMI Scheduler(0)"           daemon [_thread_blocked, id=6500, stack(0x00000088a1f00000,0x00000088a2000000) (1024K)]
  0x00000261fa8fc870 JavaThread "RMI TCP Connection(4)-127.0.0.1" daemon [_thread_in_native, id=5000, stack(0x00000088a2000000,0x00000088a2100000) (1024K)]
  0x00000261fa8fcf00 JavaThread "RMI TCP Connection(6)-127.0.0.1" daemon [_thread_in_native, id=10588, stack(0x00000088a2100000,0x00000088a2200000) (1024K)]
  0x00000261fa8fd590 JavaThread "RMI RenewClean-[127.0.0.1:52008]" daemon [_thread_blocked, id=4936, stack(0x00000088a2200000,0x00000088a2300000) (1024K)]
  0x00000261fa8fdc20 JavaThread "PostgreSQL-JDBC-Cleaner"    daemon [_thread_blocked, id=11664, stack(0x00000088a2400000,0x00000088a2500000) (1024K)]
  0x00000261fa8fe2b0 JavaThread "RMI TCP Connection(5)-127.0.0.1" daemon [_thread_in_native, id=9748, stack(0x00000088a2500000,0x00000088a2600000) (1024K)]
Total: 22

Other Threads:
  0x00000261fa3bc440 VMThread "VM Thread"                           [id=1404, stack(0x00000088a0d00000,0x00000088a0e00000) (1024K)]
  0x00000261fa3abdb0 WatcherThread "VM Periodic Task Thread"        [id=4920, stack(0x00000088a0c00000,0x00000088a0d00000) (1024K)]
  0x00000261f1b07330 WorkerThread "GC Thread#0"                     [id=540, stack(0x00000088a0700000,0x00000088a0800000) (1024K)]
  0x00000261fa987670 WorkerThread "GC Thread#1"                     [id=1384, stack(0x00000088a1800000,0x00000088a1900000) (1024K)]
  0x00000261f1b18220 ConcurrentGCThread "G1 Main Marker"            [id=3208, stack(0x00000088a0800000,0x00000088a0900000) (1024K)]
  0x00000261f1b195f0 WorkerThread "G1 Conc#0"                       [id=10968, stack(0x00000088a0900000,0x00000088a0a00000) (1024K)]
  0x00000261fa2720c0 ConcurrentGCThread "G1 Refine#0"               [id=12036, stack(0x00000088a0a00000,0x00000088a0b00000) (1024K)]
  0x00000261f1b78690 ConcurrentGCThread "G1 Service"                [id=6424, stack(0x00000088a0b00000,0x00000088a0c00000) (1024K)]
Total: 8

Threads with active compile tasks:
C2 CompilerThread0  133638 3422       4       org.postgresql.jdbc.PgArray::getArray (8 bytes)
Total: 1

VM state: not at safepoint (normal execution)

VM Mutex/Monitor currently owned by a thread: None

Heap address: 0x0000000080000000, size: 2048 MB, Compressed Oops mode: 32-bit

CDS archive(s) mapped at: [0x000002618f000000-0x000002618fd00000-0x000002618fd00000), size 13631488, SharedBaseAddress: 0x000002618f000000, ArchiveRelocationMode: 1.
Compressed class space mapped at: 0x0000026190000000-0x00000261d0000000, reserved size: 1073741824
Narrow klass base: 0x000002618f000000, Narrow klass shift: 0, Narrow klass range: 0x100000000

GC Precious Log:
 CardTable entry size: 512
 Card Set container configuration: InlinePtr #cards 5 size 8 Array Of Cards #cards 12 size 40 Howl #buckets 4 coarsen threshold 1843 Howl Bitmap #cards 512 size 80 coarsen threshold 460 Card regions per heap region 1 cards per card region 2048
 CPUs: 2 total, 2 available
 Memory: 3918M
 Large Page Support: Disabled
 NUMA Support: Disabled
 Compressed Oops: Enabled (32-bit)
 Heap Region Size: 1M
 Heap Min Capacity: 128M
 Heap Initial Capacity: 128M
 Heap Max Capacity: 2G
 Pre-touch: Disabled
 Parallel Workers: 2
 Concurrent Workers: 1
 Concurrent Refinement Workers: 2
 Periodic GC: Disabled

Heap:
 garbage-first heap   total 131072K, used 17384K [0x0000000080000000, 0x0000000100000000)
  region size 1024K, 6 young (6144K), 2 survivors (2048K)
 Metaspace       used 17468K, committed 17856K, reserved 1114112K
  class space    used 1932K, committed 2112K, reserved 1048576K

Heap Regions: E=young(eden), S=young(survivor), O=old, HS=humongous(starts), HC=humongous(continues), CS=collection set, F=free, TAMS=top-at-mark-start, PB=parsable bottom
|   0|0x0000000080000000, 0x0000000080100000, 0x0000000080100000|100%|HS|  |TAMS 0x0000000080000000| PB 0x0000000080000000| Complete 
|   1|0x0000000080100000, 0x0000000080200000, 0x0000000080200000|100%|HC|  |TAMS 0x0000000080100000| PB 0x0000000080100000| Complete 
|   2|0x0000000080200000, 0x0000000080300000, 0x0000000080300000|100%|HS|  |TAMS 0x0000000080200000| PB 0x0000000080200000| Complete 
|   3|0x0000000080300000, 0x0000000080400000, 0x0000000080400000|100%|HS|  |TAMS 0x0000000080300000| PB 0x0000000080300000| Complete 
|   4|0x0000000080400000, 0x0000000080500000, 0x0000000080500000|100%| O|  |TAMS 0x0000000080400000| PB 0x0000000080400000| Untracked 
|   5|0x0000000080500000, 0x0000000080600000, 0x0000000080600000|100%| O|  |TAMS 0x0000000080500000| PB 0x0000000080500000| Untracked 
|   6|0x0000000080600000, 0x0000000080700000, 0x0000000080700000|100%| O|  |TAMS 0x0000000080600000| PB 0x0000000080600000| Untracked 
|   7|0x0000000080700000, 0x0000000080800000, 0x0000000080800000|100%| O|  |TAMS 0x0000000080700000| PB 0x0000000080700000| Untracked 
|   8|0x0000000080800000, 0x0000000080900000, 0x0000000080900000|100%| O|  |TAMS 0x0000000080800000| PB 0x0000000080800000| Untracked 
|   9|0x0000000080900000, 0x0000000080a00000, 0x0000000080a00000|100%| O|  |TAMS 0x0000000080900000| PB 0x0000000080900000| Untracked 
|  10|0x0000000080a00000, 0x0000000080b00000, 0x0000000080b00000|100%| O|  |TAMS 0x0000000080a00000| PB 0x0000000080a00000| Untracked 
|  11|0x0000000080b00000, 0x0000000080bfa380, 0x0000000080c00000| 97%| O|  |TAMS 0x0000000080b00000| PB 0x0000000080b00000| Untracked 
|  12|0x0000000080c00000, 0x0000000080c00000, 0x0000000080d00000|  0%| F|  |TAMS 0x0000000080c00000| PB 0x0000000080c00000| Untracked 
|  13|0x0000000080d00000, 0x0000000080d00000, 0x0000000080e00000|  0%| F|  |TAMS 0x0000000080d00000| PB 0x0000000080d00000| Untracked 
|  14|0x0000000080e00000, 0x0000000080e00000, 0x0000000080f00000|  0%| F|  |TAMS 0x0000000080e00000| PB 0x0000000080e00000| Untracked 
|  15|0x0000000080f00000, 0x0000000080f00000, 0x0000000081000000|  0%| F|  |TAMS 0x0000000080f00000| PB 0x0000000080f00000| Untracked 
|  16|0x0000000081000000, 0x0000000081000000, 0x0000000081100000|  0%| F|  |TAMS 0x0000000081000000| PB 0x0000000081000000| Untracked 
|  17|0x0000000081100000, 0x0000000081100000, 0x0000000081200000|  0%| F|  |TAMS 0x0000000081100000| PB 0x0000000081100000| Untracked 
|  18|0x0000000081200000, 0x0000000081200000, 0x0000000081300000|  0%| F|  |TAMS 0x0000000081200000| PB 0x0000000081200000| Untracked 
|  19|0x0000000081300000, 0x0000000081300000, 0x0000000081400000|  0%| F|  |TAMS 0x0000000081300000| PB 0x0000000081300000| Untracked 
|  20|0x0000000081400000, 0x0000000081400000, 0x0000000081500000|  0%| F|  |TAMS 0x0000000081400000| PB 0x0000000081400000| Untracked 
|  21|0x0000000081500000, 0x0000000081500000, 0x0000000081600000|  0%| F|  |TAMS 0x0000000081500000| PB 0x0000000081500000| Untracked 
|  22|0x0000000081600000, 0x0000000081600000, 0x0000000081700000|  0%| F|  |TAMS 0x0000000081600000| PB 0x0000000081600000| Untracked 
|  23|0x0000000081700000, 0x0000000081700000, 0x0000000081800000|  0%| F|  |TAMS 0x0000000081700000| PB 0x0000000081700000| Untracked 
|  24|0x0000000081800000, 0x0000000081800000, 0x0000000081900000|  0%| F|  |TAMS 0x0000000081800000| PB 0x0000000081800000| Untracked 
|  25|0x0000000081900000, 0x0000000081900000, 0x0000000081a00000|  0%| F|  |TAMS 0x0000000081900000| PB 0x0000000081900000| Untracked 
|  26|0x0000000081a00000, 0x0000000081a00000, 0x0000000081b00000|  0%| F|  |TAMS 0x0000000081a00000| PB 0x0000000081a00000| Untracked 
|  27|0x0000000081b00000, 0x0000000081b00000, 0x0000000081c00000|  0%| F|  |TAMS 0x0000000081b00000| PB 0x0000000081b00000| Untracked 
|  28|0x0000000081c00000, 0x0000000081c00000, 0x0000000081d00000|  0%| F|  |TAMS 0x0000000081c00000| PB 0x0000000081c00000| Untracked 
|  29|0x0000000081d00000, 0x0000000081d00000, 0x0000000081e00000|  0%| F|  |TAMS 0x0000000081d00000| PB 0x0000000081d00000| Untracked 
|  30|0x0000000081e00000, 0x0000000081e00000, 0x0000000081f00000|  0%| F|  |TAMS 0x0000000081e00000| PB 0x0000000081e00000| Untracked 
|  31|0x0000000081f00000, 0x0000000081f00000, 0x0000000082000000|  0%| F|  |TAMS 0x0000000081f00000| PB 0x0000000081f00000| Untracked 
|  32|0x0000000082000000, 0x0000000082000000, 0x0000000082100000|  0%| F|  |TAMS 0x0000000082000000| PB 0x0000000082000000| Untracked 
|  33|0x0000000082100000, 0x0000000082100000, 0x0000000082200000|  0%| F|  |TAMS 0x0000000082100000| PB 0x0000000082100000| Untracked 
|  34|0x0000000082200000, 0x0000000082200000, 0x0000000082300000|  0%| F|  |TAMS 0x0000000082200000| PB 0x0000000082200000| Untracked 
|  35|0x0000000082300000, 0x0000000082300000, 0x0000000082400000|  0%| F|  |TAMS 0x0000000082300000| PB 0x0000000082300000| Untracked 
|  36|0x0000000082400000, 0x0000000082400000, 0x0000000082500000|  0%| F|  |TAMS 0x0000000082400000| PB 0x0000000082400000| Untracked 
|  37|0x0000000082500000, 0x0000000082500000, 0x0000000082600000|  0%| F|  |TAMS 0x0000000082500000| PB 0x0000000082500000| Untracked 
|  38|0x0000000082600000, 0x0000000082600000, 0x0000000082700000|  0%| F|  |TAMS 0x0000000082600000| PB 0x0000000082600000| Untracked 
|  39|0x0000000082700000, 0x0000000082700000, 0x0000000082800000|  0%| F|  |TAMS 0x0000000082700000| PB 0x0000000082700000| Untracked 
|  40|0x0000000082800000, 0x0000000082800000, 0x0000000082900000|  0%| F|  |TAMS 0x0000000082800000| PB 0x0000000082800000| Untracked 
|  41|0x0000000082900000, 0x0000000082900000, 0x0000000082a00000|  0%| F|  |TAMS 0x0000000082900000| PB 0x0000000082900000| Untracked 
|  42|0x0000000082a00000, 0x0000000082a00000, 0x0000000082b00000|  0%| F|  |TAMS 0x0000000082a00000| PB 0x0000000082a00000| Untracked 
|  43|0x0000000082b00000, 0x0000000082b00000, 0x0000000082c00000|  0%| F|  |TAMS 0x0000000082b00000| PB 0x0000000082b00000| Untracked 
|  44|0x0000000082c00000, 0x0000000082c00000, 0x0000000082d00000|  0%| F|  |TAMS 0x0000000082c00000| PB 0x0000000082c00000| Untracked 
|  45|0x0000000082d00000, 0x0000000082d00000, 0x0000000082e00000|  0%| F|  |TAMS 0x0000000082d00000| PB 0x0000000082d00000| Untracked 
|  46|0x0000000082e00000, 0x0000000082e00000, 0x0000000082f00000|  0%| F|  |TAMS 0x0000000082e00000| PB 0x0000000082e00000| Untracked 
|  47|0x0000000082f00000, 0x0000000082f00000, 0x0000000083000000|  0%| F|  |TAMS 0x0000000082f00000| PB 0x0000000082f00000| Untracked 
|  48|0x0000000083000000, 0x0000000083000000, 0x0000000083100000|  0%| F|  |TAMS 0x0000000083000000| PB 0x0000000083000000| Untracked 
|  49|0x0000000083100000, 0x0000000083100000, 0x0000000083200000|  0%| F|  |TAMS 0x0000000083100000| PB 0x0000000083100000| Untracked 
|  50|0x0000000083200000, 0x0000000083200000, 0x0000000083300000|  0%| F|  |TAMS 0x0000000083200000| PB 0x0000000083200000| Untracked 
|  51|0x0000000083300000, 0x0000000083300000, 0x0000000083400000|  0%| F|  |TAMS 0x0000000083300000| PB 0x0000000083300000| Untracked 
|  52|0x0000000083400000, 0x0000000083400000, 0x0000000083500000|  0%| F|  |TAMS 0x0000000083400000| PB 0x0000000083400000| Untracked 
|  53|0x0000000083500000, 0x0000000083500000, 0x0000000083600000|  0%| F|  |TAMS 0x0000000083500000| PB 0x0000000083500000| Untracked 
|  54|0x0000000083600000, 0x0000000083600000, 0x0000000083700000|  0%| F|  |TAMS 0x0000000083600000| PB 0x0000000083600000| Untracked 
|  55|0x0000000083700000, 0x0000000083700000, 0x0000000083800000|  0%| F|  |TAMS 0x0000000083700000| PB 0x0000000083700000| Untracked 
|  56|0x0000000083800000, 0x0000000083800000, 0x0000000083900000|  0%| F|  |TAMS 0x0000000083800000| PB 0x0000000083800000| Untracked 
|  57|0x0000000083900000, 0x0000000083900000, 0x0000000083a00000|  0%| F|  |TAMS 0x0000000083900000| PB 0x0000000083900000| Untracked 
|  58|0x0000000083a00000, 0x0000000083a00000, 0x0000000083b00000|  0%| F|  |TAMS 0x0000000083a00000| PB 0x0000000083a00000| Untracked 
|  59|0x0000000083b00000, 0x0000000083b00000, 0x0000000083c00000|  0%| F|  |TAMS 0x0000000083b00000| PB 0x0000000083b00000| Untracked 
|  60|0x0000000083c00000, 0x0000000083c00000, 0x0000000083d00000|  0%| F|  |TAMS 0x0000000083c00000| PB 0x0000000083c00000| Untracked 
|  61|0x0000000083d00000, 0x0000000083d00000, 0x0000000083e00000|  0%| F|  |TAMS 0x0000000083d00000| PB 0x0000000083d00000| Untracked 
|  62|0x0000000083e00000, 0x0000000083e00000, 0x0000000083f00000|  0%| F|  |TAMS 0x0000000083e00000| PB 0x0000000083e00000| Untracked 
|  63|0x0000000083f00000, 0x0000000083f00000, 0x0000000084000000|  0%| F|  |TAMS 0x0000000083f00000| PB 0x0000000083f00000| Untracked 
|  64|0x0000000084000000, 0x0000000084000000, 0x0000000084100000|  0%| F|  |TAMS 0x0000000084000000| PB 0x0000000084000000| Untracked 
|  65|0x0000000084100000, 0x0000000084100000, 0x0000000084200000|  0%| F|  |TAMS 0x0000000084100000| PB 0x0000000084100000| Untracked 
|  66|0x0000000084200000, 0x0000000084200000, 0x0000000084300000|  0%| F|  |TAMS 0x0000000084200000| PB 0x0000000084200000| Untracked 
|  67|0x0000000084300000, 0x0000000084300000, 0x0000000084400000|  0%| F|  |TAMS 0x0000000084300000| PB 0x0000000084300000| Untracked 
|  68|0x0000000084400000, 0x0000000084400000, 0x0000000084500000|  0%| F|  |TAMS 0x0000000084400000| PB 0x0000000084400000| Untracked 
|  69|0x0000000084500000, 0x0000000084500000, 0x0000000084600000|  0%| F|  |TAMS 0x0000000084500000| PB 0x0000000084500000| Untracked 
|  70|0x0000000084600000, 0x0000000084600000, 0x0000000084700000|  0%| F|  |TAMS 0x0000000084600000| PB 0x0000000084600000| Untracked 
|  71|0x0000000084700000, 0x0000000084700000, 0x0000000084800000|  0%| F|  |TAMS 0x0000000084700000| PB 0x0000000084700000| Untracked 
|  72|0x0000000084800000, 0x0000000084800000, 0x0000000084900000|  0%| F|  |TAMS 0x0000000084800000| PB 0x0000000084800000| Untracked 
|  73|0x0000000084900000, 0x0000000084900000, 0x0000000084a00000|  0%| F|  |TAMS 0x0000000084900000| PB 0x0000000084900000| Untracked 
|  74|0x0000000084a00000, 0x0000000084a00000, 0x0000000084b00000|  0%| F|  |TAMS 0x0000000084a00000| PB 0x0000000084a00000| Untracked 
|  75|0x0000000084b00000, 0x0000000084b00000, 0x0000000084c00000|  0%| F|  |TAMS 0x0000000084b00000| PB 0x0000000084b00000| Untracked 
|  76|0x0000000084c00000, 0x0000000084c00000, 0x0000000084d00000|  0%| F|  |TAMS 0x0000000084c00000| PB 0x0000000084c00000| Untracked 
|  77|0x0000000084d00000, 0x0000000084d00000, 0x0000000084e00000|  0%| F|  |TAMS 0x0000000084d00000| PB 0x0000000084d00000| Untracked 
|  78|0x0000000084e00000, 0x0000000084e00000, 0x0000000084f00000|  0%| F|  |TAMS 0x0000000084e00000| PB 0x0000000084e00000| Untracked 
|  79|0x0000000084f00000, 0x0000000084f00000, 0x0000000085000000|  0%| F|  |TAMS 0x0000000084f00000| PB 0x0000000084f00000| Untracked 
|  80|0x0000000085000000, 0x0000000085000000, 0x0000000085100000|  0%| F|  |TAMS 0x0000000085000000| PB 0x0000000085000000| Untracked 
|  81|0x0000000085100000, 0x0000000085100000, 0x0000000085200000|  0%| F|  |TAMS 0x0000000085100000| PB 0x0000000085100000| Untracked 
|  82|0x0000000085200000, 0x0000000085200000, 0x0000000085300000|  0%| F|  |TAMS 0x0000000085200000| PB 0x0000000085200000| Untracked 
|  83|0x0000000085300000, 0x0000000085300000, 0x0000000085400000|  0%| F|  |TAMS 0x0000000085300000| PB 0x0000000085300000| Untracked 
|  84|0x0000000085400000, 0x0000000085400000, 0x0000000085500000|  0%| F|  |TAMS 0x0000000085400000| PB 0x0000000085400000| Untracked 
|  85|0x0000000085500000, 0x0000000085500000, 0x0000000085600000|  0%| F|  |TAMS 0x0000000085500000| PB 0x0000000085500000| Untracked 
|  86|0x0000000085600000, 0x0000000085600000, 0x0000000085700000|  0%| F|  |TAMS 0x0000000085600000| PB 0x0000000085600000| Untracked 
|  87|0x0000000085700000, 0x0000000085700000, 0x0000000085800000|  0%| F|  |TAMS 0x0000000085700000| PB 0x0000000085700000| Untracked 
|  88|0x0000000085800000, 0x0000000085800000, 0x0000000085900000|  0%| F|  |TAMS 0x0000000085800000| PB 0x0000000085800000| Untracked 
|  89|0x0000000085900000, 0x0000000085900000, 0x0000000085a00000|  0%| F|  |TAMS 0x0000000085900000| PB 0x0000000085900000| Untracked 
|  90|0x0000000085a00000, 0x0000000085a00000, 0x0000000085b00000|  0%| F|  |TAMS 0x0000000085a00000| PB 0x0000000085a00000| Untracked 
|  91|0x0000000085b00000, 0x0000000085b00000, 0x0000000085c00000|  0%| F|  |TAMS 0x0000000085b00000| PB 0x0000000085b00000| Untracked 
|  92|0x0000000085c00000, 0x0000000085c00000, 0x0000000085d00000|  0%| F|  |TAMS 0x0000000085c00000| PB 0x0000000085c00000| Untracked 
|  93|0x0000000085d00000, 0x0000000085d00000, 0x0000000085e00000|  0%| F|  |TAMS 0x0000000085d00000| PB 0x0000000085d00000| Untracked 
|  94|0x0000000085e00000, 0x0000000085e00000, 0x0000000085f00000|  0%| F|  |TAMS 0x0000000085e00000| PB 0x0000000085e00000| Untracked 
|  95|0x0000000085f00000, 0x0000000086000000, 0x0000000086000000|100%| S|CS|TAMS 0x0000000085f00000| PB 0x0000000085f00000| Complete 
|  96|0x0000000086000000, 0x0000000086100000, 0x0000000086100000|100%| S|CS|TAMS 0x0000000086000000| PB 0x0000000086000000| Complete 
|  97|0x0000000086100000, 0x0000000086100000, 0x0000000086200000|  0%| F|  |TAMS 0x0000000086100000| PB 0x0000000086100000| Untracked 
|  98|0x0000000086200000, 0x0000000086200000, 0x0000000086300000|  0%| F|  |TAMS 0x0000000086200000| PB 0x0000000086200000| Untracked 
|  99|0x0000000086300000, 0x0000000086300000, 0x0000000086400000|  0%| F|  |TAMS 0x0000000086300000| PB 0x0000000086300000| Untracked 
| 100|0x0000000086400000, 0x0000000086400000, 0x0000000086500000|  0%| F|  |TAMS 0x0000000086400000| PB 0x0000000086400000| Untracked 
| 101|0x0000000086500000, 0x0000000086500000, 0x0000000086600000|  0%| F|  |TAMS 0x0000000086500000| PB 0x0000000086500000| Untracked 
| 102|0x0000000086600000, 0x0000000086600000, 0x0000000086700000|  0%| F|  |TAMS 0x0000000086600000| PB 0x0000000086600000| Untracked 
| 103|0x0000000086700000, 0x0000000086700000, 0x0000000086800000|  0%| F|  |TAMS 0x0000000086700000| PB 0x0000000086700000| Untracked 
| 104|0x0000000086800000, 0x0000000086800000, 0x0000000086900000|  0%| F|  |TAMS 0x0000000086800000| PB 0x0000000086800000| Untracked 
| 105|0x0000000086900000, 0x0000000086900000, 0x0000000086a00000|  0%| F|  |TAMS 0x0000000086900000| PB 0x0000000086900000| Untracked 
| 106|0x0000000086a00000, 0x0000000086a00000, 0x0000000086b00000|  0%| F|  |TAMS 0x0000000086a00000| PB 0x0000000086a00000| Untracked 
| 107|0x0000000086b00000, 0x0000000086b00000, 0x0000000086c00000|  0%| F|  |TAMS 0x0000000086b00000| PB 0x0000000086b00000| Untracked 
| 108|0x0000000086c00000, 0x0000000086c00000, 0x0000000086d00000|  0%| F|  |TAMS 0x0000000086c00000| PB 0x0000000086c00000| Untracked 
| 109|0x0000000086d00000, 0x0000000086d00000, 0x0000000086e00000|  0%| F|  |TAMS 0x0000000086d00000| PB 0x0000000086d00000| Untracked 
| 110|0x0000000086e00000, 0x0000000086e00000, 0x0000000086f00000|  0%| F|  |TAMS 0x0000000086e00000| PB 0x0000000086e00000| Untracked 
| 111|0x0000000086f00000, 0x0000000086f00000, 0x0000000087000000|  0%| F|  |TAMS 0x0000000086f00000| PB 0x0000000086f00000| Untracked 
| 112|0x0000000087000000, 0x0000000087000000, 0x0000000087100000|  0%| F|  |TAMS 0x0000000087000000| PB 0x0000000087000000| Untracked 
| 113|0x0000000087100000, 0x0000000087100000, 0x0000000087200000|  0%| F|  |TAMS 0x0000000087100000| PB 0x0000000087100000| Untracked 
| 114|0x0000000087200000, 0x0000000087200000, 0x0000000087300000|  0%| F|  |TAMS 0x0000000087200000| PB 0x0000000087200000| Untracked 
| 115|0x0000000087300000, 0x0000000087300000, 0x0000000087400000|  0%| F|  |TAMS 0x0000000087300000| PB 0x0000000087300000| Untracked 
| 116|0x0000000087400000, 0x0000000087400000, 0x0000000087500000|  0%| F|  |TAMS 0x0000000087400000| PB 0x0000000087400000| Untracked 
| 117|0x0000000087500000, 0x0000000087500000, 0x0000000087600000|  0%| F|  |TAMS 0x0000000087500000| PB 0x0000000087500000| Untracked 
| 118|0x0000000087600000, 0x0000000087600000, 0x0000000087700000|  0%| F|  |TAMS 0x0000000087600000| PB 0x0000000087600000| Untracked 
| 119|0x0000000087700000, 0x0000000087700000, 0x0000000087800000|  0%| F|  |TAMS 0x0000000087700000| PB 0x0000000087700000| Untracked 
| 120|0x0000000087800000, 0x0000000087800000, 0x0000000087900000|  0%| F|  |TAMS 0x0000000087800000| PB 0x0000000087800000| Untracked 
| 121|0x0000000087900000, 0x0000000087900000, 0x0000000087a00000|  0%| F|  |TAMS 0x0000000087900000| PB 0x0000000087900000| Untracked 
| 122|0x0000000087a00000, 0x0000000087a00000, 0x0000000087b00000|  0%| F|  |TAMS 0x0000000087a00000| PB 0x0000000087a00000| Untracked 
| 123|0x0000000087b00000, 0x0000000087b00000, 0x0000000087c00000|  0%| F|  |TAMS 0x0000000087b00000| PB 0x0000000087b00000| Untracked 
| 124|0x0000000087c00000, 0x0000000087c8cdc0, 0x0000000087d00000| 55%| E|  |TAMS 0x0000000087c00000| PB 0x0000000087c00000| Complete 
| 125|0x0000000087d00000, 0x0000000087e00000, 0x0000000087e00000|100%| E|CS|TAMS 0x0000000087d00000| PB 0x0000000087d00000| Complete 
| 126|0x0000000087e00000, 0x0000000087f00000, 0x0000000087f00000|100%| E|CS|TAMS 0x0000000087e00000| PB 0x0000000087e00000| Complete 
| 127|0x0000000087f00000, 0x0000000088000000, 0x0000000088000000|100%| E|CS|TAMS 0x0000000087f00000| PB 0x0000000087f00000| Complete 

Card table byte_map: [0x00000261f5e50000,0x00000261f6250000] _byte_map_base: 0x00000261f5a50000

Marking Bits: (CMBitMap*) 0x00000261f1b07940
 Bits: [0x00000261f6250000, 0x00000261f8250000)

Polling page: 0x00000261efac0000

Metaspace:

Usage:
  Non-class:     15.17 MB used.
      Class:      1.89 MB used.
       Both:     17.06 MB used.

Virtual space:
  Non-class space:       64.00 MB reserved,      15.38 MB ( 24%) committed,  1 nodes.
      Class space:        1.00 GB reserved,       2.06 MB ( <1%) committed,  1 nodes.
             Both:        1.06 GB reserved,      17.44 MB (  2%) committed. 

Chunk freelists:
   Non-Class:  256.00 KB
       Class:  13.96 MB
        Both:  14.21 MB

MaxMetaspaceSize: unlimited
CompressedClassSpaceSize: 1.00 GB
Initial GC threshold: 21.00 MB
Current GC threshold: 21.00 MB
CDS: on
 - commit_granule_bytes: 65536.
 - commit_granule_words: 8192.
 - virtual_space_node_default_size: 8388608.
 - enlarge_chunks_in_place: 1.
 - use_allocation_guard: 0.


Internal statistics:

num_allocs_failed_limit: 0.
num_arena_births: 592.
num_arena_deaths: 0.
num_vsnodes_births: 2.
num_vsnodes_deaths: 0.
num_space_committed: 279.
num_space_uncommitted: 0.
num_chunks_returned_to_freelist: 0.
num_chunks_taken_from_freelist: 1091.
num_chunk_merges: 0.
num_chunk_splits: 647.
num_chunks_enlarged: 277.
num_inconsistent_stats: 0.

CodeHeap 'non-profiled nmethods': size=120064Kb used=2024Kb max_used=2024Kb free=118039Kb
 bounds [0x0000026187ac0000, 0x0000026187d30000, 0x000002618f000000]
CodeHeap 'profiled nmethods': size=120000Kb used=7043Kb max_used=7043Kb free=112956Kb
 bounds [0x0000026180000000, 0x00000261806f0000, 0x0000026187530000]
CodeHeap 'non-nmethods': size=5696Kb used=1511Kb max_used=1541Kb free=4184Kb
 bounds [0x0000026187530000, 0x00000261877a0000, 0x0000026187ac0000]
 total_blobs=4002 nmethods=3421 adapters=486
 compilation: enabled
              stopped_count=0, restarted_count=0
 full_count=0

Compilation events (20 events):
Event: 133.248 Thread 0x00000261fa3d9c40 nmethod 3412 0x0000026187cb6190 code [0x0000026187cb6360, 0x0000026187cb66d0]
Event: 133.249 Thread 0x00000261fa3ddde0 nmethod 3414 0x00000261806d7a10 code [0x00000261806d7da0, 0x00000261806d90a0]
Event: 133.249 Thread 0x00000261fa3d9c40 3415       4       java.lang.reflect.Array::newInstance (6 bytes)
Event: 133.249 Thread 0x00000261fa3ddde0 3416       3       com.intellij.database.remote.jdba.util.Numbers::convertNumber (232 bytes)
Event: 133.250 Thread 0x00000261fa3d9c40 nmethod 3415 0x0000026187cb6990 code [0x0000026187cb6b20, 0x0000026187cb6cd0]
Event: 133.250 Thread 0x00000261fa3d9c40 3418   !   4       org.postgresql.jdbc.PgResultSet::toInt (127 bytes)
Event: 133.251 Thread 0x00000261fa3ddde0 nmethod 3416 0x00000261806d9710 code [0x00000261806d9be0, 0x00000261806dbdb8]
Event: 133.251 Thread 0x00000261fa3ddde0 3413   !   3       com.intellij.database.remote.jdba.jdbc.JdbcValueGetters$ArrayGetter::convertArray (124 bytes)
Event: 133.252 Thread 0x00000261fa3ddde0 nmethod 3413 0x00000261806dc690 code [0x00000261806dc980, 0x00000261806dd868]
Event: 133.252 Thread 0x00000261fa3ddde0 3417       3       java.lang.Integer::shortValue (6 bytes)
Event: 133.252 Thread 0x00000261fa3ddde0 nmethod 3417 0x00000261806dde10 code [0x00000261806ddfa0, 0x00000261806de0b8]
Event: 133.292 Thread 0x00000261fa3d9c40 nmethod 3418 0x0000026187cb6e10 code [0x0000026187cb7000, 0x0000026187cb7568]
Event: 133.292 Thread 0x00000261fa3d9c40 3419       4       org.postgresql.jdbc.ArrayDecoding$3::parseValue (8 bytes)
Event: 133.303 Thread 0x00000261fa3d9c40 nmethod 3419 0x0000026187cb7b10 code [0x0000026187cb7d20, 0x0000026187cb8338]
Event: 133.320 Thread 0x00000261fa3d9c40 3420   !   4       org.postgresql.jdbc.TypeInfoCache::getPGArrayElement (422 bytes)
Event: 133.346 Thread 0x00000261fa3d9c40 nmethod 3420 0x0000026187cb8990 code [0x0000026187cb8c00, 0x0000026187cb95d8]
Event: 133.346 Thread 0x00000261fa3d9c40 3421       4       java.lang.Integer::shortValue (6 bytes)
Event: 133.346 Thread 0x00000261fa3d9c40 nmethod 3421 0x0000026187cb9f10 code [0x0000026187cba0a0, 0x0000026187cba130]
Event: 133.349 Thread 0x00000261fa3d9c40 3422       4       org.postgresql.jdbc.PgArray::getArray (8 bytes)
Event: 133.449 Thread 0x00000261fa3ddde0 3425       3       com.intellij.database.remote.jdba.impl.JdbaRemoteObject::<init> (15 bytes)

GC Heap History (14 events):
Event: 2.623 GC heap before
{Heap before GC invocations=0 (full 0):
 garbage-first heap   total 131072K, used 9216K [0x0000000080000000, 0x0000000100000000)
  region size 1024K, 6 young (6144K), 0 survivors (0K)
 Metaspace       used 1493K, committed 1600K, reserved 1114112K
  class space    used 194K, committed 256K, reserved 1048576K
}
Event: 2.632 GC heap after
{Heap after GC invocations=1 (full 0):
 garbage-first heap   total 131072K, used 6400K [0x0000000080000000, 0x0000000100000000)
  region size 1024K, 1 young (1024K), 1 survivors (1024K)
 Metaspace       used 1493K, committed 1600K, reserved 1114112K
  class space    used 194K, committed 256K, reserved 1048576K
}
Event: 3.029 GC heap before
{Heap before GC invocations=1 (full 0):
 garbage-first heap   total 131072K, used 11520K [0x0000000080000000, 0x0000000100000000)
  region size 1024K, 6 young (6144K), 1 survivors (1024K)
 Metaspace       used 3216K, committed 3456K, reserved 1114112K
  class space    used 408K, committed 512K, reserved 1048576K
}
Event: 3.037 GC heap after
{Heap after GC invocations=2 (full 0):
 garbage-first heap   total 131072K, used 7887K [0x0000000080000000, 0x0000000100000000)
  region size 1024K, 1 young (1024K), 1 survivors (1024K)
 Metaspace       used 3216K, committed 3456K, reserved 1114112K
  class space    used 408K, committed 512K, reserved 1048576K
}
Event: 4.951 GC heap before
{Heap before GC invocations=2 (full 0):
 garbage-first heap   total 131072K, used 15055K [0x0000000080000000, 0x0000000100000000)
  region size 1024K, 9 young (9216K), 1 survivors (1024K)
 Metaspace       used 7739K, committed 8128K, reserved 1114112K
  class space    used 974K, committed 1152K, reserved 1048576K
}
Event: 4.960 GC heap after
{Heap after GC invocations=3 (full 0):
 garbage-first heap   total 131072K, used 9420K [0x0000000080000000, 0x0000000100000000)
  region size 1024K, 2 young (2048K), 2 survivors (2048K)
 Metaspace       used 7739K, committed 8128K, reserved 1114112K
  class space    used 974K, committed 1152K, reserved 1048576K
}
Event: 10.183 GC heap before
{Heap before GC invocations=3 (full 0):
 garbage-first heap   total 131072K, used 25804K [0x0000000080000000, 0x0000000100000000)
  region size 1024K, 19 young (19456K), 2 survivors (2048K)
 Metaspace       used 15997K, committed 16448K, reserved 1114112K
  class space    used 1849K, committed 2048K, reserved 1048576K
}
Event: 10.201 GC heap after
{Heap after GC invocations=4 (full 0):
 garbage-first heap   total 131072K, used 12213K [0x0000000080000000, 0x0000000100000000)
  region size 1024K, 3 young (3072K), 3 survivors (3072K)
 Metaspace       used 15997K, committed 16448K, reserved 1114112K
  class space    used 1849K, committed 2048K, reserved 1048576K
}
Event: 48.716 GC heap before
{Heap before GC invocations=4 (full 0):
 garbage-first heap   total 131072K, used 63413K [0x0000000080000000, 0x0000000100000000)
  region size 1024K, 53 young (54272K), 3 survivors (3072K)
 Metaspace       used 17167K, committed 17600K, reserved 1114112K
  class space    used 1927K, committed 2112K, reserved 1048576K
}
Event: 48.727 GC heap after
{Heap after GC invocations=5 (full 0):
 garbage-first heap   total 131072K, used 13749K [0x0000000080000000, 0x0000000100000000)
  region size 1024K, 5 young (5120K), 5 survivors (5120K)
 Metaspace       used 17167K, committed 17600K, reserved 1114112K
  class space    used 1927K, committed 2112K, reserved 1048576K
}
Event: 115.089 GC heap before
{Heap before GC invocations=5 (full 0):
 garbage-first heap   total 131072K, used 85429K [0x0000000080000000, 0x0000000100000000)
  region size 1024K, 76 young (77824K), 5 survivors (5120K)
 Metaspace       used 17355K, committed 17792K, reserved 1114112K
  class space    used 1928K, committed 2112K, reserved 1048576K
}
Event: 115.340 GC heap after
{Heap after GC invocations=6 (full 0):
 garbage-first heap   total 131072K, used 13749K [0x0000000080000000, 0x0000000100000000)
  region size 1024K, 5 young (5120K), 5 survivors (5120K)
 Metaspace       used 17355K, committed 17792K, reserved 1114112K
  class space    used 1928K, committed 2112K, reserved 1048576K
}
Event: 133.256 GC heap before
{Heap before GC invocations=6 (full 0):
 garbage-first heap   total 131072K, used 45493K [0x0000000080000000, 0x0000000100000000)
  region size 1024K, 36 young (36864K), 5 survivors (5120K)
 Metaspace       used 17465K, committed 17856K, reserved 1114112K
  class space    used 1932K, committed 2112K, reserved 1048576K
}
Event: 133.282 GC heap after
{Heap after GC invocations=7 (full 0):
 garbage-first heap   total 131072K, used 14312K [0x0000000080000000, 0x0000000100000000)
  region size 1024K, 2 young (2048K), 2 survivors (2048K)
 Metaspace       used 17465K, committed 17856K, reserved 1114112K
  class space    used 1932K, committed 2112K, reserved 1048576K
}

Dll operation events (2 events):
Event: 0.233 Loaded shared library C:\Program Files\JetBrains\IntelliJ IDEA 2024.3.1.1\jbr\bin\java.dll
Event: 1.369 Loaded shared library C:\Program Files\JetBrains\IntelliJ IDEA 2024.3.1.1\jbr\bin\zip.dll

Deoptimization events (20 events):
Event: 120.032 Thread 0x00000261fa8fcf00 Uncommon trap: trap_request=0xffffff45 fr.pc=0x0000026187c7628c relative=0x000000000000066c
Event: 120.032 Thread 0x00000261fa8fcf00 Uncommon trap: reason=unstable_if action=reinterpret pc=0x0000026187c7628c method=org.postgresql.jdbc.PgResultSet.getLong(I)J @ 29 c2
Event: 120.032 Thread 0x00000261fa8fcf00 DEOPT PACKING pc=0x0000026187c7628c sp=0x00000088a21fe5e0
Event: 120.032 Thread 0x00000261fa8fcf00 DEOPT UNPACKING pc=0x000002618758469c sp=0x00000088a21fe588 mode 2
Event: 133.177 Thread 0x00000261fa8fcf00 Uncommon trap: trap_request=0xffffffc6 fr.pc=0x0000026187c8d6f0 relative=0x00000000000002f0
Event: 133.177 Thread 0x00000261fa8fcf00 Uncommon trap: reason=bimorphic_or_optimized_type_check action=maybe_recompile pc=0x0000026187c8d6f0 method=com.intellij.database.remote.jdba.jdbc.JdbcValueGetters$AbstractArrayGetter.getValue(Ljava/sql/ResultSet;I)Ljava/lang/Object; @ 45 c2
Event: 133.177 Thread 0x00000261fa8fcf00 DEOPT PACKING pc=0x0000026187c8d6f0 sp=0x00000088a21fe6e0
Event: 133.177 Thread 0x00000261fa8fcf00 DEOPT UNPACKING pc=0x000002618758469c sp=0x00000088a21fe678 mode 2
Event: 133.237 Thread 0x00000261fa8fcf00 Uncommon trap: trap_request=0xffffffc6 fr.pc=0x0000026187c8d6f0 relative=0x00000000000002f0
Event: 133.237 Thread 0x00000261fa8fcf00 Uncommon trap: reason=bimorphic_or_optimized_type_check action=maybe_recompile pc=0x0000026187c8d6f0 method=com.intellij.database.remote.jdba.jdbc.JdbcValueGetters$AbstractArrayGetter.getValue(Ljava/sql/ResultSet;I)Ljava/lang/Object; @ 45 c2
Event: 133.237 Thread 0x00000261fa8fcf00 DEOPT PACKING pc=0x0000026187c8d6f0 sp=0x00000088a21fe6e0
Event: 133.237 Thread 0x00000261fa8fcf00 DEOPT UNPACKING pc=0x000002618758469c sp=0x00000088a21fe678 mode 2
Event: 133.237 Thread 0x00000261fa8fcf00 Uncommon trap: trap_request=0xffffffc6 fr.pc=0x0000026187c8d6f0 relative=0x00000000000002f0
Event: 133.237 Thread 0x00000261fa8fcf00 Uncommon trap: reason=bimorphic_or_optimized_type_check action=maybe_recompile pc=0x0000026187c8d6f0 method=com.intellij.database.remote.jdba.jdbc.JdbcValueGetters$AbstractArrayGetter.getValue(Ljava/sql/ResultSet;I)Ljava/lang/Object; @ 45 c2
Event: 133.237 Thread 0x00000261fa8fcf00 DEOPT PACKING pc=0x0000026187c8d6f0 sp=0x00000088a21fe6e0
Event: 133.237 Thread 0x00000261fa8fcf00 DEOPT UNPACKING pc=0x000002618758469c sp=0x00000088a21fe678 mode 2
Event: 133.237 Thread 0x00000261fa8fcf00 Uncommon trap: trap_request=0xffffffc6 fr.pc=0x0000026187c8d6f0 relative=0x00000000000002f0
Event: 133.237 Thread 0x00000261fa8fcf00 Uncommon trap: reason=bimorphic_or_optimized_type_check action=maybe_recompile pc=0x0000026187c8d6f0 method=com.intellij.database.remote.jdba.jdbc.JdbcValueGetters$AbstractArrayGetter.getValue(Ljava/sql/ResultSet;I)Ljava/lang/Object; @ 45 c2
Event: 133.237 Thread 0x00000261fa8fcf00 DEOPT PACKING pc=0x0000026187c8d6f0 sp=0x00000088a21fe6e0
Event: 133.237 Thread 0x00000261fa8fcf00 DEOPT UNPACKING pc=0x000002618758469c sp=0x00000088a21fe678 mode 2

Classes loaded (20 events):
Event: 9.246 Loading class java/util/function/UnaryOperator
Event: 9.246 Loading class java/util/function/UnaryOperator done
Event: 9.896 Loading class java/util/concurrent/LinkedBlockingQueue
Event: 9.912 Loading class java/util/concurrent/LinkedBlockingQueue done
Event: 9.912 Loading class java/util/concurrent/LinkedBlockingQueue$Node
Event: 9.912 Loading class java/util/concurrent/LinkedBlockingQueue$Node done
Event: 9.949 Loading class java/lang/AbstractMethodError
Event: 9.949 Loading class java/lang/AbstractMethodError done
Event: 10.248 Loading class java/lang/Short$ShortCache
Event: 10.252 Loading class java/lang/Short$ShortCache done
Event: 10.256 Loading class java/util/regex/Pattern$Behind
Event: 10.257 Loading class java/util/regex/Pattern$Behind done
Event: 10.257 Loading class java/util/regex/Pattern$Neg
Event: 10.257 Loading class java/util/regex/Pattern$Neg done
Event: 10.257 Loading class java/util/regex/Pattern$Pos
Event: 10.257 Loading class java/util/regex/Pattern$Pos done
Event: 12.171 Loading class java/lang/ArrayIndexOutOfBoundsException
Event: 12.171 Loading class java/lang/ArrayIndexOutOfBoundsException done
Event: 19.719 Loading class java/util/ArrayList$ListItr
Event: 19.722 Loading class java/util/ArrayList$ListItr done

Classes unloaded (0 events):
No events

Classes redefined (0 events):
No events

Internal exceptions (20 events):
Event: 8.963 Thread 0x00000261fa8fc870 Exception <a 'java/lang/NoSuchMethodError'{0x0000000086f10da0}: 'java.lang.Object java.lang.invoke.DirectMethodHandle$Holder.invokeStatic(java.lang.Object, java.lang.Object, java.lang.Object, java.lang.Object, int)'> (0x0000000086f10da0) 
thrown [s\src\hotspot\share\interpreter\linkResolver.cpp, line 784]
Event: 9.222 Thread 0x00000261fa8fc870 Exception <a 'java/lang/NoSuchMethodError'{0x0000000086f3d188}: 'void java.lang.invoke.DirectMethodHandle$Holder.invokeInterface(java.lang.Object, java.lang.Object, int)'> (0x0000000086f3d188) 
thrown [s\src\hotspot\share\interpreter\linkResolver.cpp, line 784]
Event: 9.241 Thread 0x00000261fa8fc870 Exception <a 'java/lang/NoSuchMethodError'{0x0000000086f41010}: 'void java.lang.invoke.DelegatingMethodHandle$Holder.reinvoke_L(java.lang.Object, java.lang.Object, int)'> (0x0000000086f41010) 
thrown [s\src\hotspot\share\interpreter\linkResolver.cpp, line 784]
Event: 9.801 Thread 0x00000261fa8fc870 Exception <a 'java/lang/NoSuchMethodError'{0x0000000086d407d0}: 'java.lang.Object java.lang.invoke.DirectMethodHandle$Holder.invokeInterface(java.lang.Object, java.lang.Object, int)'> (0x0000000086d407d0) 
thrown [s\src\hotspot\share\interpreter\linkResolver.cpp, line 784]
Event: 9.816 Thread 0x00000261fa8fc870 Exception <a 'java/lang/NoSuchMethodError'{0x0000000086d8db88}: static [Ljava/lang/Object;.<clinit>()V> (0x0000000086d8db88) 
thrown [s\src\hotspot\share\prims\jni.cpp, line 1135]
Event: 9.820 Thread 0x00000261fa8fc870 Exception <a 'java/lang/NoSuchMethodError'{0x0000000086d99ea8}: 'void java.lang.invoke.DirectMethodHandle$Holder.invokeInterface(java.lang.Object, java.lang.Object)'> (0x0000000086d99ea8) 
thrown [s\src\hotspot\share\interpreter\linkResolver.cpp, line 784]
Event: 10.261 Thread 0x00000261fa8fc870 Exception <a 'java/lang/NoSuchMethodError'{0x0000000087fa6558}: static Lcom/intellij/database/remote/jdba/core/ConnectionInfo;.<clinit>()V> (0x0000000087fa6558) 
thrown [s\src\hotspot\share\prims\jni.cpp, line 1135]
Event: 10.263 Thread 0x00000261fa8fc870 Exception <a 'java/lang/NoSuchMethodError'{0x0000000087fb1080}: static Ljava/lang/Object;.<clinit>()V> (0x0000000087fb1080) 
thrown [s\src\hotspot\share\prims\jni.cpp, line 1135]
Event: 10.263 Thread 0x00000261fa8fc870 Exception <a 'java/lang/NoSuchMethodError'{0x0000000087fb5660}: static [I.<clinit>()V> (0x0000000087fb5660) 
thrown [s\src\hotspot\share\prims\jni.cpp, line 1135]
Event: 10.419 Thread 0x00000261fa8fc870 Exception <a 'java/lang/NoSuchMethodError'{0x0000000087fda130}: 'java.lang.Object java.lang.invoke.DirectMethodHandle$Holder.invokeInterface(java.lang.Object, java.lang.Object, java.lang.Object, java.lang.Object)'> (0x0000000087fda130) 
thrown [s\src\hotspot\share\interpreter\linkResolver.cpp, line 784]
Event: 10.694 Thread 0x00000261fa8fc870 Exception <a 'java/lang/NoSuchMethodError'{0x0000000087eec948}: static Lcom/intellij/database/remote/jdba/core/ResultLayout;.<clinit>()V> (0x0000000087eec948) 
thrown [s\src\hotspot\share\prims\jni.cpp, line 1135]
Event: 10.695 Thread 0x00000261fa8fc870 Exception <a 'java/lang/NoSuchMethodError'{0x0000000087d03aa8}: static Lcom/intellij/database/remote/jdba/core/RowLayout;.<clinit>()V> (0x0000000087d03aa8) 
thrown [s\src\hotspot\share\prims\jni.cpp, line 1135]
Event: 10.697 Thread 0x00000261fa8fc870 Exception <a 'java/lang/NoSuchMethodError'{0x0000000087d11b60}: static Lcom/intellij/database/remote/jdba/util/NameAndClass;.<clinit>()V> (0x0000000087d11b60) 
thrown [s\src\hotspot\share\prims\jni.cpp, line 1135]
Event: 10.698 Thread 0x00000261fa8fc870 Exception <a 'java/lang/NoSuchMethodError'{0x0000000087d14870}: 'java.lang.Object java.lang.invoke.DirectMethodHandle$Holder.invokeInterface(java.lang.Object, java.lang.Object, int, java.lang.Object)'> (0x0000000087d14870) 
thrown [s\src\hotspot\share\interpreter\linkResolver.cpp, line 784]
Event: 10.698 Thread 0x00000261fa8fc870 Exception <a 'java/lang/NoSuchMethodError'{0x0000000087d18a10}: 'java.lang.Object java.lang.invoke.DirectMethodHandle$Holder.invokeSpecial(java.lang.Object, java.lang.Object, java.lang.Object, int, java.lang.Object)'> (0x0000000087d18a10) 
thrown [s\src\hotspot\share\interpreter\linkResolver.cpp, line 784]
Event: 15.477 Thread 0x00000261fa8fc870 Exception <a 'java/lang/NoSuchMethodError'{0x0000000087a1dca0}: static [J.<clinit>()V> (0x0000000087a1dca0) 
thrown [s\src\hotspot\share\prims\jni.cpp, line 1135]
Event: 37.501 Thread 0x00000261fa8fe2b0 Exception <a 'java/lang/NoSuchMethodError'{0x0000000085d47e78}: static [Ljava/lang/String;.<clinit>()V> (0x0000000085d47e78) 
thrown [s\src\hotspot\share\prims\jni.cpp, line 1135]
Event: 120.029 Thread 0x00000261fa8fcf00 Implicit null exception at 0x0000026187c8f1d2 to 0x0000026187c8f7fc
Event: 120.032 Thread 0x00000261fa8fcf00 Implicit null exception at 0x0000026187c75d1c to 0x0000026187c76278
Event: 133.376 Thread 0x00000261fa8fcf00 Exception <a 'java/lang/NoSuchMethodError'{0x0000000087df59b8}: static [Ljava/lang/Short;.<clinit>()V> (0x0000000087df59b8) 
thrown [s\src\hotspot\share\prims\jni.cpp, line 1135]

ZGC Phase Switch (0 events):
No events

VM Operations (20 events):
Event: 106.884 Executing VM operation: Cleanup
Event: 106.960 Executing VM operation: Cleanup done
Event: 109.091 Executing VM operation: Cleanup
Event: 109.143 Executing VM operation: Cleanup done
Event: 114.496 Executing VM operation: Cleanup
Event: 114.496 Executing VM operation: Cleanup done
Event: 115.089 Executing VM operation: G1CollectForAllocation (G1 Evacuation Pause)
Event: 115.340 Executing VM operation: G1CollectForAllocation (G1 Evacuation Pause) done
Event: 120.662 Executing VM operation: Cleanup
Event: 120.662 Executing VM operation: Cleanup done
Event: 121.276 Executing VM operation: HandshakeAllThreads (HandshakeForDeflation)
Event: 121.276 Executing VM operation: HandshakeAllThreads (HandshakeForDeflation) done
Event: 121.276 Executing VM operation: RendezvousGCThreads
Event: 121.276 Executing VM operation: RendezvousGCThreads done
Event: 125.344 Executing VM operation: Cleanup
Event: 125.344 Executing VM operation: Cleanup done
Event: 132.626 Executing VM operation: Cleanup
Event: 132.626 Executing VM operation: Cleanup done
Event: 133.256 Executing VM operation: G1CollectForAllocation (G1 Evacuation Pause)
Event: 133.282 Executing VM operation: G1CollectForAllocation (G1 Evacuation Pause) done

Memory protections (0 events):
No events

Nmethod flushes (0 events):
No events

Events (20 events):
Event: 122.820 Thread 0x00000261fa8fe2b0 Thread added: 0x00000261fa691030
Event: 125.190 Thread 0x00000261fa8fe940 Thread exited: 0x00000261fa8fe940
Event: 125.194 Thread 0x00000261fa8fefd0 Thread exited: 0x00000261fa8fefd0
Event: 125.194 Thread 0x00000261fa8fbb50 Thread exited: 0x00000261fa8fbb50
Event: 125.196 Thread 0x00000261fa68e8d0 Thread exited: 0x00000261fa68e8d0
Event: 125.196 Thread 0x00000261fa68fc80 Thread exited: 0x00000261fa68fc80
Event: 125.197 Thread 0x00000261fa6909a0 Thread exited: 0x00000261fa6909a0
Event: 125.197 Thread 0x00000261fa6916c0 Thread exited: 0x00000261fa6916c0
Event: 125.197 Thread 0x00000261fa691030 Thread exited: 0x00000261fa691030
Event: 125.198 Thread 0x00000261fa690310 Thread exited: 0x00000261fa690310
Event: 126.896 Thread 0x00000261fa8fcf00 Thread added: 0x00000261fa8fe940
Event: 126.896 Thread 0x00000261fa8fcf00 Thread added: 0x00000261fa8fefd0
Event: 126.896 Thread 0x00000261fa8fcf00 Thread added: 0x00000261fa8fbb50
Event: 126.896 Thread 0x00000261fa8fcf00 Thread added: 0x00000261fa686980
Event: 126.896 Thread 0x00000261fa8fcf00 Thread added: 0x00000261fa68b1b0
Event: 127.605 Thread 0x00000261fa8fefd0 Thread exited: 0x00000261fa8fefd0
Event: 127.606 Thread 0x00000261fa8fe940 Thread exited: 0x00000261fa8fe940
Event: 127.611 Thread 0x00000261fa8fbb50 Thread exited: 0x00000261fa8fbb50
Event: 127.614 Thread 0x00000261fa68b1b0 Thread exited: 0x00000261fa68b1b0
Event: 127.614 Thread 0x00000261fa686980 Thread exited: 0x00000261fa686980


Dynamic libraries:
0x00007ff614ad0000 - 0x00007ff614ada000 	C:\Program Files\JetBrains\IntelliJ IDEA 2024.3.1.1\jbr\bin\java.exe
0x00007ffcc1fb0000 - 0x00007ffcc21a8000 	C:\WINDOWS\SYSTEM32\ntdll.dll
0x00007ffcc1e90000 - 0x00007ffcc1f52000 	C:\WINDOWS\System32\KERNEL32.DLL
0x00007ffcbfb90000 - 0x00007ffcbfe8e000 	C:\WINDOWS\System32\KERNELBASE.dll
0x00007ffcbf810000 - 0x00007ffcbf910000 	C:\WINDOWS\System32\ucrtbase.dll
0x00007ffcabb10000 - 0x00007ffcabb28000 	C:\Program Files\JetBrains\IntelliJ IDEA 2024.3.1.1\jbr\bin\jli.dll
0x00007ffcc1ae0000 - 0x00007ffcc1c7d000 	C:\WINDOWS\System32\USER32.dll
0x00007ffcbf910000 - 0x00007ffcbf932000 	C:\WINDOWS\System32\win32u.dll
0x00007ffcc0800000 - 0x00007ffcc082b000 	C:\WINDOWS\System32\GDI32.dll
0x00007ffcbf650000 - 0x00007ffcbf767000 	C:\WINDOWS\System32\gdi32full.dll
0x00007ffcbf770000 - 0x00007ffcbf80d000 	C:\WINDOWS\System32\msvcp_win.dll
0x00007ffcb9000000 - 0x00007ffcb901b000 	C:\Program Files\JetBrains\IntelliJ IDEA 2024.3.1.1\jbr\bin\VCRUNTIME140.dll
0x00007ffcacc50000 - 0x00007ffcaceea000 	C:\WINDOWS\WinSxS\amd64_microsoft.windows.common-controls_6595b64144ccf1df_6.0.19041.4355_none_60b8b9eb71f62e16\COMCTL32.dll
0x00007ffcc03f0000 - 0x00007ffcc048e000 	C:\WINDOWS\System32\msvcrt.dll
0x00007ffcc0120000 - 0x00007ffcc014f000 	C:\WINDOWS\System32\IMM32.DLL
0x00007ffcbc930000 - 0x00007ffcbc93c000 	C:\Program Files\JetBrains\IntelliJ IDEA 2024.3.1.1\jbr\bin\vcruntime140_1.dll
0x00007ffc89300000 - 0x00007ffc8938d000 	C:\Program Files\JetBrains\IntelliJ IDEA 2024.3.1.1\jbr\bin\msvcp140.dll
0x00007ffc87ed0000 - 0x00007ffc88c91000 	C:\Program Files\JetBrains\IntelliJ IDEA 2024.3.1.1\jbr\bin\server\jvm.dll
0x00007ffcc1530000 - 0x00007ffcc15e1000 	C:\WINDOWS\System32\ADVAPI32.dll
0x00007ffcc0080000 - 0x00007ffcc011f000 	C:\WINDOWS\System32\sechost.dll
0x00007ffcc15f0000 - 0x00007ffcc1713000 	C:\WINDOWS\System32\RPCRT4.dll
0x00007ffcbfb10000 - 0x00007ffcbfb37000 	C:\WINDOWS\System32\bcrypt.dll
0x00007ffcc14a0000 - 0x00007ffcc150b000 	C:\WINDOWS\System32\WS2_32.dll
0x00007ffcbf4b0000 - 0x00007ffcbf4fb000 	C:\WINDOWS\SYSTEM32\POWRPROF.dll
0x00007ffcaca70000 - 0x00007ffcaca97000 	C:\WINDOWS\SYSTEM32\WINMM.dll
0x00007ffcb9720000 - 0x00007ffcb972a000 	C:\WINDOWS\SYSTEM32\VERSION.dll
0x00007ffcbf490000 - 0x00007ffcbf4a2000 	C:\WINDOWS\SYSTEM32\UMPDC.dll
0x00007ffcbdec0000 - 0x00007ffcbded2000 	C:\WINDOWS\SYSTEM32\kernel.appcore.dll
0x00007ffcb9700000 - 0x00007ffcb970a000 	C:\Program Files\JetBrains\IntelliJ IDEA 2024.3.1.1\jbr\bin\jimage.dll
0x00007ffcbd3c0000 - 0x00007ffcbd5a4000 	C:\WINDOWS\SYSTEM32\DBGHELP.DLL
0x00007ffca8400000 - 0x00007ffca8434000 	C:\WINDOWS\SYSTEM32\dbgcore.DLL
0x00007ffcbfe90000 - 0x00007ffcbff12000 	C:\WINDOWS\System32\bcryptPrimitives.dll
0x00007ffcb8c20000 - 0x00007ffcb8c40000 	C:\Program Files\JetBrains\IntelliJ IDEA 2024.3.1.1\jbr\bin\java.dll
0x00007ffcc0830000 - 0x00007ffcc0f9d000 	C:\WINDOWS\System32\SHELL32.dll
0x00007ffcbd5b0000 - 0x00007ffcbdd54000 	C:\WINDOWS\SYSTEM32\windows.storage.dll
0x00007ffcc1720000 - 0x00007ffcc1a73000 	C:\WINDOWS\System32\combase.dll
0x00007ffcbefb0000 - 0x00007ffcbefde000 	C:\WINDOWS\SYSTEM32\Wldp.dll
0x00007ffcc0730000 - 0x00007ffcc07fd000 	C:\WINDOWS\System32\OLEAUT32.dll
0x00007ffcbffd0000 - 0x00007ffcc007d000 	C:\WINDOWS\System32\SHCORE.dll
0x00007ffcc0490000 - 0x00007ffcc04e5000 	C:\WINDOWS\System32\shlwapi.dll
0x00007ffcbf580000 - 0x00007ffcbf5a4000 	C:\WINDOWS\SYSTEM32\profapi.dll
0x00007ffcb88a0000 - 0x00007ffcb88b8000 	C:\Program Files\JetBrains\IntelliJ IDEA 2024.3.1.1\jbr\bin\zip.dll
0x00007ffcb9400000 - 0x00007ffcb9410000 	C:\Program Files\JetBrains\IntelliJ IDEA 2024.3.1.1\jbr\bin\net.dll
0x00007ffcb6970000 - 0x00007ffcb6a7d000 	C:\WINDOWS\SYSTEM32\WINHTTP.dll
0x00007ffcbed10000 - 0x00007ffcbed7a000 	C:\WINDOWS\system32\mswsock.dll
0x00007ffcb8880000 - 0x00007ffcb8896000 	C:\Program Files\JetBrains\IntelliJ IDEA 2024.3.1.1\jbr\bin\nio.dll
0x00007ffcbe9f0000 - 0x00007ffcbea2b000 	C:\WINDOWS\SYSTEM32\IPHLPAPI.DLL
0x00007ffcc1490000 - 0x00007ffcc1498000 	C:\WINDOWS\System32\NSI.dll
0x00007ffcbef00000 - 0x00007ffcbef18000 	C:\WINDOWS\SYSTEM32\CRYPTSP.dll
0x00007ffcbe630000 - 0x00007ffcbe664000 	C:\WINDOWS\system32\rsaenh.dll
0x00007ffcbf500000 - 0x00007ffcbf52e000 	C:\WINDOWS\SYSTEM32\USERENV.dll
0x00007ffcbef20000 - 0x00007ffcbef2c000 	C:\WINDOWS\SYSTEM32\CRYPTBASE.dll
0x00007ffcb8d40000 - 0x00007ffcb8d49000 	C:\Program Files\JetBrains\IntelliJ IDEA 2024.3.1.1\jbr\bin\extnet.dll
0x00007ffcacb40000 - 0x00007ffcacb47000 	C:\Program Files\JetBrains\IntelliJ IDEA 2024.3.1.1\jbr\bin\rmi.dll
0x00007ffcbea30000 - 0x00007ffcbeafa000 	C:\WINDOWS\SYSTEM32\DNSAPI.dll
0x00007ffcb3d90000 - 0x00007ffcb3d9a000 	C:\Windows\System32\rasadhlp.dll
0x00007ffcb35b0000 - 0x00007ffcb3630000 	C:\WINDOWS\System32\fwpuclnt.dll
0x00007ffcbc040000 - 0x00007ffcbc049000 	C:\Program Files\JetBrains\IntelliJ IDEA 2024.3.1.1\jbr\bin\management.dll
0x00007ffcbc030000 - 0x00007ffcbc03b000 	C:\Program Files\JetBrains\IntelliJ IDEA 2024.3.1.1\jbr\bin\management_ext.dll
0x00007ffcc1f60000 - 0x00007ffcc1f68000 	C:\WINDOWS\System32\PSAPI.DLL
0x00007ffcb8fb0000 - 0x00007ffcb8fbe000 	C:\Program Files\JetBrains\IntelliJ IDEA 2024.3.1.1\jbr\bin\sunmscapi.dll
0x00007ffcbf940000 - 0x00007ffcbfa9c000 	C:\WINDOWS\System32\CRYPT32.dll
0x00007ffcbf020000 - 0x00007ffcbf047000 	C:\WINDOWS\SYSTEM32\ncrypt.dll
0x00007ffcbefe0000 - 0x00007ffcbf01b000 	C:\WINDOWS\SYSTEM32\NTASN1.dll

dbghelp: loaded successfully - version: 4.0.5 - missing functions: none
symbol engine: initialized successfully - sym options: 0x614 - pdb path: .;C:\Program Files\JetBrains\IntelliJ IDEA 2024.3.1.1\jbr\bin;C:\WINDOWS\SYSTEM32;C:\WINDOWS\WinSxS\amd64_microsoft.windows.common-controls_6595b64144ccf1df_6.0.19041.4355_none_60b8b9eb71f62e16;C:\Program Files\JetBrains\IntelliJ IDEA 2024.3.1.1\jbr\bin\server

VM Arguments:
jvm_args: -Djava.rmi.server.hostname=127.0.0.1 -Duser.timezone=UTC -Xmx2048m -Xms128m -Djdbc.classpath=C:\Users\lexap\AppData\Local\Temp\RemoteDriver5.classpath.txt --add-exports=java.desktop/sun.awt=ALL-UNNAMED --add-exports=java.desktop/java.awt.peer=ALL-UNNAMED --add-opens=java.desktop/java.awt=ALL-UNNAMED --add-opens=jdk.unsupported/sun.misc=ALL-UNNAMED --add-opens=java.base/java.nio=ALL-UNNAMED --add-opens=java.base/java.util=ALL-UNNAMED -Dfile.encoding=UTF-8 -Dsun.stdout.encoding=UTF-8 -Dsun.stderr.encoding=UTF-8 
java_command: com.intellij.database.remote.RemoteJdbcServer org.postgresql.Driver
java_class_path (initial): C:\Program Files\JetBrains\IntelliJ IDEA 2024.3.1.1\lib\util_rt.jar;C:\Program Files\JetBrains\IntelliJ IDEA 2024.3.1.1\lib\util-8.jar;C:\Program Files\JetBrains\IntelliJ IDEA 2024.3.1.1\lib\groovy.jar;C:\Program Files\JetBrains\IntelliJ IDEA 2024.3.1.1\plugins\DatabaseTools\lib\jdbc-console.jar;C:\Program Files\JetBrains\IntelliJ IDEA 2024.3.1.1\plugins\grid-core-impl\lib\jdbc-console-types.jar;C:\Program Files\JetBrains\IntelliJ IDEA 2024.3.1.1\lib\util.jar;C:\Program Files\JetBrains\IntelliJ IDEA 2024.3.1.1\lib\bouncy-castle.jar
Launcher Type: SUN_STANDARD

[Global flags]
     intx CICompilerCount                          = 2                                         {product} {ergonomic}
     uint ConcGCThreads                            = 1                                         {product} {ergonomic}
     uint G1ConcRefinementThreads                  = 2                                         {product} {ergonomic}
   size_t G1HeapRegionSize                         = 1048576                                   {product} {ergonomic}
    uintx GCDrainStackTargetSize                   = 64                                        {product} {ergonomic}
   size_t InitialHeapSize                          = 134217728                                 {product} {command line}
   size_t MarkStackSize                            = 4194304                                   {product} {ergonomic}
   size_t MaxHeapSize                              = 2147483648                                {product} {command line}
   size_t MaxNewSize                               = 1287651328                                {product} {ergonomic}
   size_t MinHeapDeltaBytes                        = 1048576                                   {product} {ergonomic}
   size_t MinHeapSize                              = 134217728                                 {product} {command line}
    uintx NonNMethodCodeHeapSize                   = 5826188                                {pd product} {ergonomic}
    uintx NonProfiledCodeHeapSize                  = 122916026                              {pd product} {ergonomic}
    uintx ProfiledCodeHeapSize                     = 122916026                              {pd product} {ergonomic}
    uintx ReservedCodeCacheSize                    = 251658240                              {pd product} {ergonomic}
     bool SegmentedCodeCache                       = true                                      {product} {ergonomic}
   size_t SoftMaxHeapSize                          = 2147483648                             {manageable} {ergonomic}
     bool UseCompressedOops                        = true                           {product lp64_product} {ergonomic}
     bool UseG1GC                                  = true                                      {product} {ergonomic}
     bool UseLargePagesIndividualAllocation        = false                                  {pd product} {ergonomic}

Logging:
Log output configuration:
 #0: stdout all=warning uptime,level,tags foldmultilines=false
 #1: stderr all=off uptime,level,tags foldmultilines=false

Environment Variables:
PATH=C:\Program Files\Common Files\Oracle\Java\javapath;C:\Program Files\Rockwell Software\RSCommon;C:\WINDOWS\system32;C:\WINDOWS;C:\WINDOWS\System32\Wbem;C:\WINDOWS\System32\WindowsPowerShell\v1.0\;C:\WINDOWS\System32\OpenSSH\;C:\MinGW\bin;D:\\\Git\cmd;;C:\Program Files\Git\cmd;C:\Program Files\Common Files\Oracle\Java\javapath;C:\Program Files\Rockwell Software\RSCommon;C:\WINDOWS\system32;C:\WINDOWS;C:\WINDOWS\System32\Wbem;C:\WINDOWS\System32\WindowsPowerShell\v1.0\;C:\WINDOWS\System32\OpenSSH\;C:\MinGW\bin;C:\Program Files (x86)\PuTTY\;D:\\\Git\cmd;C:\Users\lexap\AppData\Local\Microsoft\WindowsApps;D:\\katanemhmena\IntelliJ IDEA 2024.3.1.1\bin;;C:\Program Files\Java\jdk-XX\bin;C:\Program Files\JetBrains\IntelliJ IDEA 2024.3.1.1\bin;
USERNAME=lexap
OS=Windows_NT
PROCESSOR_IDENTIFIER=Intel64 Family 6 Model 122 Stepping 8, GenuineIntel
TMP=C:\Users\lexap\AppData\Local\Temp
TEMP=C:\Users\lexap\AppData\Local\Temp




Periodic native trim disabled

JNI global refs:
JNI global refs: 17, weak refs: 2

JNI global refs memory usage: 835, weak refs: 833

Process memory usage:
Resident Set Size: 93328K (2% of 4012908K total physical memory with 252716K free physical memory)

OOME stack traces (most recent first):
Classloader memory used:
Loader bootstrap                                                                       : 11468K
Loader jdk.internal.loader.ClassLoaders$AppClassLoader                                 : 3415K
Loader com.intellij.database.remote.jdbc.impl.JdbcClassLoader$JdbcClassLoaderImpl      : 1689K
Loader jdk.internal.loader.ClassLoaders$PlatformClassLoader                            : 741K
Loader jdk.internal.reflect.DelegatingClassLoader                                      : 146K
Loader com.intellij.database.remote.jdbc.impl.JdbcClassLoader$1                        : 6920B

---------------  S Y S T E M  ---------------

OS:
 Windows 10 , 64 bit Build 19041 (10.0.19041.5198)
OS uptime: 0 days 3:54 hours

CPU: total 2 (initial active 2) (2 cores per cpu, 1 threads per core) family 6 model 122 stepping 8 microcode 0x16, cx8, cmov, fxsr, mmx, 3dnowpref, sse, sse2, sse3, ssse3, sse4.1, sse4.2, popcnt, tsc, tscinvbit, aes, erms, clmul, sha, clflush, clflushopt, rdtscp, rdpid
Processor Information for all 2 processors :
  Max Mhz: 1101, Current Mhz: 1101, Mhz Limit: 1101

Memory: 4k page, system-wide physical 3918M (244M free)
TotalPageFile size 8648M (AvailPageFile size 5M)
current process WorkingSet (physical memory assigned to process): 95M, peak: 124M
current process commit charge ("private bytes"): 233M, peak: 250M

vm_info: OpenJDK 64-Bit Server VM (21.0.5+8-b631.28) for windows-amd64 JRE (21.0.5+8-b631.28), built on 2024-11-23 by "builduser" with MS VC++ 16.10 / 16.11 (VS2019)

END.
